<?xml version="1.0" encoding="UTF-8"?>
<!-- Generated by org.testng.reporters.JUnitXMLReporter -->
<testsuite ignored="0" hostname="xoxo" failures="0" tests="3" name="Default test" time="23.555" errors="0" timestamp="2025-01-09T04:10:07 GMT">
  <testcase classname="tutorialsNinja.register.TC_RF_027" name="verifyRegisterAccountInAllBrowser" time="5.793"/>
  <testcase classname="tutorialsNinja.register.TC_RF_027" name="verifyRegisterAccountInAllBrowser" time="9.389"/>
  <testcase classname="tutorialsNinja.register.TC_RF_027" name="verifyRegisterAccountInAllBrowser" time="8.286"/>
</testsuite> <!-- Default test -->
