<?xml version="1.0" encoding="UTF-8"?>
<testng-results ignored="0" total="3" passed="3" failed="0" skipped="0">
  <reporter-output>
  </reporter-output>
  <suite started-at="2025-01-09T04:09:43 GMT" name="Default suite" finished-at="2025-01-09T04:10:07 GMT" duration-ms="23555">
    <groups>
    </groups>
    <test started-at="2025-01-09T04:09:43 GMT" name="Default test" finished-at="2025-01-09T04:10:07 GMT" duration-ms="23555">
      <class name="tutorialsNinja.register.TC_RF_027">
        <test-method signature="verifyRegisterAccountInAllBrowser(java.lang.String)[pri:0, instance:tutorialsNinja.register.TC_RF_027@662ac478]" started-at="2025-01-09T04:09:43 GMT" name="verifyRegisterAccountInAllBrowser" data-provider="environmentSupplier" finished-at="2025-01-09T04:09:49 GMT" duration-ms="5793" status="PASS">
          <params>
            <param index="0">
              <value>
                <![CDATA[chrome]]>
              </value>
            </param>
          </params>
          <reporter-output>
          </reporter-output>
        </test-method> <!-- verifyRegisterAccountInAllBrowser -->
        <test-method signature="verifyRegisterAccountInAllBrowser(java.lang.String)[pri:0, instance:tutorialsNinja.register.TC_RF_027@662ac478]" started-at="2025-01-09T04:09:49 GMT" name="verifyRegisterAccountInAllBrowser" data-provider="environmentSupplier" finished-at="2025-01-09T04:09:59 GMT" duration-ms="9389" status="PASS">
          <params>
            <param index="0">
              <value>
                <![CDATA[firefox]]>
              </value>
            </param>
          </params>
          <reporter-output>
          </reporter-output>
        </test-method> <!-- verifyRegisterAccountInAllBrowser -->
        <test-method signature="verifyRegisterAccountInAllBrowser(java.lang.String)[pri:0, instance:tutorialsNinja.register.TC_RF_027@662ac478]" started-at="2025-01-09T04:09:59 GMT" name="verifyRegisterAccountInAllBrowser" data-provider="environmentSupplier" finished-at="2025-01-09T04:10:07 GMT" duration-ms="8286" status="PASS">
          <params>
            <param index="0">
              <value>
                <![CDATA[edge]]>
              </value>
            </param>
          </params>
          <reporter-output>
          </reporter-output>
        </test-method> <!-- verifyRegisterAccountInAllBrowser -->
      </class> <!-- tutorialsNinja.register.TC_RF_027 -->
    </test> <!-- Default test -->
  </suite> <!-- Default suite -->
</testng-results>
