<?xml version="1.0" encoding="UTF-8"?>
<testng-results ignored="0" total="1" passed="1" failed="0" skipped="0">
  <reporter-output>
  </reporter-output>
  <suite started-at="2025-01-06T01:58:32 GMT" name="Default suite" finished-at="2025-01-06T01:58:37 GMT" duration-ms="5411">
    <groups>
    </groups>
    <test started-at="2025-01-06T01:58:32 GMT" name="Default test" finished-at="2025-01-06T01:58:37 GMT" duration-ms="5411">
      <class name="tutorialsNinja.register.TC_RF_001">
        <test-method signature="verifyRegisterWithMandatoryFields()[pri:0, instance:tutorialsNinja.register.TC_RF_001@34e9fd99]" started-at="2025-01-06T01:58:32 GMT" name="verifyRegisterWithMandatoryFields" finished-at="2025-01-06T01:58:37 GMT" duration-ms="5382" status="PASS">
          <reporter-output>
          </reporter-output>
        </test-method> <!-- verifyRegisterWithMandatoryFields -->
      </class> <!-- tutorialsNinja.register.TC_RF_001 -->
    </test> <!-- Default test -->
  </suite> <!-- Default suite -->
</testng-results>
